<?xml version="1.0" encoding="UTF-8"?>
<robot generator="Robot 5.0.1 (Python 3.9.0 on win32)" generated="20220614 15:01:29.228" rpa="false" schemaversion="3">
<suite id="s1" name="Weather" source="C:\Users\Sergiusz\PycharmProjects\RoboForecastTest\Tests\Weather.robot">
<test id="s1-t1" name="Opening and checking current weather on the webpage" line="32">
<kw name="Prepare Env">
<kw name="Set Selenium Speed" library="SeleniumLibrary">
<arg>0.5</arg>
<doc>Sets the delay that is waited after each Selenium command.</doc>
<status status="PASS" starttime="20220614 15:01:29.347" endtime="20220614 15:01:29.347"/>
</kw>
<kw name="Set Screenshot Directory" library="SeleniumLibrary">
<arg>Screenshots</arg>
<doc>Sets the directory for captured screenshots.</doc>
<status status="PASS" starttime="20220614 15:01:29.348" endtime="20220614 15:01:29.348"/>
</kw>
<status status="PASS" starttime="20220614 15:01:29.347" endtime="20220614 15:01:29.348"/>
</kw>
<kw name="Start Test">
<kw name="Open Browser" library="SeleniumLibrary">
<arg>https://www.accuweather.com</arg>
<arg>chrome</arg>
<doc>Opens a new browser instance to the optional ``url``.</doc>
<msg timestamp="20220614 15:01:29.348" level="INFO">Opening browser 'chrome' to base url 'https://www.accuweather.com'.</msg>
<status status="PASS" starttime="20220614 15:01:29.348" endtime="20220614 15:01:32.784"/>
</kw>
<status status="PASS" starttime="20220614 15:01:29.348" endtime="20220614 15:01:32.784"/>
</kw>
<kw name="Cookies Close">
<kw name="Click Element" library="SeleniumLibrary">
<arg>${AGREE_COOKIES}</arg>
<doc>Click the element identified by ``locator``.</doc>
<msg timestamp="20220614 15:01:32.785" level="INFO">Clicking element 'css:.fc-cta-consent &gt; .fc-button-label'.</msg>
<status status="PASS" starttime="20220614 15:01:32.784" endtime="20220614 15:01:33.892"/>
</kw>
<status status="PASS" starttime="20220614 15:01:32.784" endtime="20220614 15:01:33.892"/>
</kw>
<kw name="Input Text" library="SeleniumLibrary">
<arg>${CITY_INPUT_FIELD}</arg>
<arg>Varsova</arg>
<doc>Types the given ``text`` into the text field identified by ``locator``.</doc>
<msg timestamp="20220614 15:01:33.893" level="INFO">Typing text 'Varsova' into text field 'css:.search-input'.</msg>
<status status="PASS" starttime="20220614 15:01:33.892" endtime="20220614 15:01:35.496"/>
</kw>
<kw name="Click Element" library="SeleniumLibrary">
<arg>${SEARCH}</arg>
<doc>Click the element identified by ``locator``.</doc>
<msg timestamp="20220614 15:01:35.496" level="INFO">Clicking element 'css:.search-icon'.</msg>
<status status="PASS" starttime="20220614 15:01:35.496" endtime="20220614 15:01:36.547"/>
</kw>
<kw name="Click Element" library="SeleniumLibrary">
<arg>${TEMPERATURE}</arg>
<doc>Click the element identified by ``locator``.</doc>
<msg timestamp="20220614 15:01:36.547" level="INFO">Clicking element 'css:.forecast-container:nth-child(3) .temp'.</msg>
<status status="PASS" starttime="20220614 15:01:36.547" endtime="20220614 15:01:38.693"/>
</kw>
<kw name="Capture Page Screenshot" library="SeleniumLibrary">
<arg>WarsawWeather.png</arg>
<doc>Takes a screenshot of the current page and embeds it into a log file.</doc>
<msg timestamp="20220614 15:01:39.299" level="INFO" html="true">&lt;/td&gt;&lt;/tr&gt;&lt;tr&gt;&lt;td colspan="3"&gt;&lt;a href="Screenshots/WarsawWeather.png"&gt;&lt;img src="Screenshots/WarsawWeather.png" width="800px"&gt;&lt;/a&gt;</msg>
<status status="PASS" starttime="20220614 15:01:38.693" endtime="20220614 15:01:39.299"/>
</kw>
<kw name="End Test">
<kw name="Close Browser" library="SeleniumLibrary">
<doc>Closes the current browser.</doc>
<status status="PASS" starttime="20220614 15:01:39.299" endtime="20220614 15:01:41.849"/>
</kw>
<status status="PASS" starttime="20220614 15:01:39.299" endtime="20220614 15:01:41.849"/>
</kw>
<status status="PASS" starttime="20220614 15:01:29.347" endtime="20220614 15:01:41.849"/>
</test>
<doc>A test suite for current weather.</doc>
<status status="PASS" starttime="20220614 15:01:29.229" endtime="20220614 15:01:41.850"/>
</suite>
<statistics>
<total>
<stat pass="1" fail="0" skip="0">All Tests</stat>
</total>
<tag>
</tag>
<suite>
<stat pass="1" fail="0" skip="0" id="s1" name="Weather">Weather</stat>
</suite>
</statistics>
<errors>
</errors>
</robot>
