<?xml version="1.0" encoding="UTF-8"?>
<robot generator="Robot 5.0.1 (Python 3.9.0 on win32)" generated="20220611 09:17:24.502" rpa="false" schemaversion="3">
<suite id="s1" name="Weather" source="C:\Users\Sergiusz\PycharmProjects\RoboForecastTest\Tests\Weather.robot">
<test id="s1-t1" name="Opening and checking current weather on the webpage" line="11">
<kw name="Open Browser" library="SeleniumLibrary">
<arg>https://m.meteo.pl</arg>
<arg>chrome</arg>
<doc>Opens a new browser instance to the optional ``url``.</doc>
<msg timestamp="20220611 09:17:24.620" level="INFO">Opening browser 'chrome' to base url 'https://m.meteo.pl'.</msg>
<status status="PASS" starttime="20220611 09:17:24.619" endtime="20220611 09:17:26.975"/>
</kw>
<kw name="Click Element" library="SeleniumLibrary">
<arg>${POPUP_CLOSE}</arg>
<doc>Click the element identified by ``locator``.</doc>
<msg timestamp="20220611 09:17:26.975" level="INFO">Clicking element 'css:#qc-cmp2-ui &gt; div.qc-cmp2-footer.qc-cmp2-footer-overlay.qc-cmp2-footer-scrolled &gt; div &gt; button:nth-child(1) &gt; span'.</msg>
<status status="PASS" starttime="20220611 09:17:26.975" endtime="20220611 09:17:27.058"/>
</kw>
<kw name="Input Text" library="SeleniumLibrary">
<arg>${CITY_FIELD}</arg>
<arg>Warszawa</arg>
<doc>Types the given ``text`` into the text field identified by ``locator``.</doc>
<msg timestamp="20220611 09:17:27.058" level="INFO">Typing text 'Warszawa' into text field 'css:#miastoPL'.</msg>
<status status="PASS" starttime="20220611 09:17:27.058" endtime="20220611 09:17:27.101"/>
</kw>
<kw name="Click Element" library="SeleniumLibrary">
<arg>${SHOW_FORECAST}</arg>
<doc>Click the element identified by ``locator``.</doc>
<msg timestamp="20220611 09:17:27.102" level="INFO">Clicking element 'css:#polska &gt; form &gt; ul &gt; li:nth-child(3) &gt; button &gt; span'.</msg>
<status status="PASS" starttime="20220611 09:17:27.101" endtime="20220611 09:17:28.135"/>
</kw>
<kw name="Capture Page Screenshot" library="SeleniumLibrary">
<arg>WarsawWeather.png</arg>
<doc>Takes a screenshot of the current page and embeds it into a log file.</doc>
<msg timestamp="20220611 09:17:28.282" level="INFO" html="true">&lt;/td&gt;&lt;/tr&gt;&lt;tr&gt;&lt;td colspan="3"&gt;&lt;a href="WarsawWeather.png"&gt;&lt;img src="WarsawWeather.png" width="800px"&gt;&lt;/a&gt;</msg>
<status status="PASS" starttime="20220611 09:17:28.136" endtime="20220611 09:17:28.282"/>
</kw>
<kw name="Close Browser" library="SeleniumLibrary">
<doc>Closes the current browser.</doc>
<status status="PASS" starttime="20220611 09:17:28.283" endtime="20220611 09:17:30.403"/>
</kw>
<status status="PASS" starttime="20220611 09:17:24.619" endtime="20220611 09:17:30.403"/>
</test>
<doc>A test suite for current weather.</doc>
<status status="PASS" starttime="20220611 09:17:24.503" endtime="20220611 09:17:30.404"/>
</suite>
<statistics>
<total>
<stat pass="1" fail="0" skip="0">All Tests</stat>
</total>
<tag>
</tag>
<suite>
<stat pass="1" fail="0" skip="0" id="s1" name="Weather">Weather</stat>
</suite>
</statistics>
<errors>
</errors>
</robot>
