<?xml version="1.0" encoding="UTF-8"?>
<robot generator="Robot 5.0.1 (Python 3.9.0 on win32)" generated="20220610 15:26:05.111" rpa="false" schemaversion="3">
<suite id="s1" name="Weather" source="C:\Users\Sergiusz\PycharmProjects\pythonProject\tests\Weather.robot">
<test id="s1-t1" name="Opening and checking current weather on the webpage" line="12">
<kw name="Open Browser" library="SeleniumLibrary">
<arg>https://m.meteo.pl</arg>
<arg>chrome</arg>
<doc>Opens a new browser instance to the optional ``url``.</doc>
<msg timestamp="20220610 15:26:05.236" level="INFO">Opening browser 'chrome' to base url 'https://m.meteo.pl'.</msg>
<status status="PASS" starttime="20220610 15:26:05.236" endtime="20220610 15:26:07.805"/>
</kw>
<kw name="Click Element" library="SeleniumLibrary">
<arg>${POPUP_CLOSE}</arg>
<doc>Click the element identified by ``locator``.</doc>
<msg timestamp="20220610 15:26:07.806" level="INFO">Clicking element 'css:#qc-cmp2-ui &gt; div.qc-cmp2-footer.qc-cmp2-footer-overlay.qc-cmp2-footer-scrolled &gt; div &gt; button:nth-child(1) &gt; span'.</msg>
<status status="PASS" starttime="20220610 15:26:07.805" endtime="20220610 15:26:07.892"/>
</kw>
<kw name="Input Text" library="SeleniumLibrary">
<arg>${CITY_FIELD}</arg>
<arg>Warszawa</arg>
<doc>Types the given ``text`` into the text field identified by ``locator``.</doc>
<msg timestamp="20220610 15:26:07.893" level="INFO">Typing text 'Warszawa' into text field 'css:#miastoPL'.</msg>
<status status="PASS" starttime="20220610 15:26:07.893" endtime="20220610 15:26:07.937"/>
</kw>
<kw name="Click Element" library="SeleniumLibrary">
<arg>${SHOW_FORECAST}</arg>
<doc>Click the element identified by ``locator``.</doc>
<msg timestamp="20220610 15:26:07.938" level="INFO">Clicking element 'css:#polska &gt; form &gt; ul &gt; li:nth-child(3) &gt; button &gt; span'.</msg>
<status status="PASS" starttime="20220610 15:26:07.937" endtime="20220610 15:26:09.055"/>
</kw>
<kw name="Close Browser" library="SeleniumLibrary">
<doc>Closes the current browser.</doc>
<status status="PASS" starttime="20220610 15:26:09.055" endtime="20220610 15:26:11.189"/>
</kw>
<status status="PASS" starttime="20220610 15:26:05.236" endtime="20220610 15:26:11.189"/>
</test>
<doc>A test suite for current weather.</doc>
<status status="PASS" starttime="20220610 15:26:05.112" endtime="20220610 15:26:11.190"/>
</suite>
<statistics>
<total>
<stat pass="1" fail="0" skip="0">All Tests</stat>
</total>
<tag>
</tag>
<suite>
<stat pass="1" fail="0" skip="0" id="s1" name="Weather">Weather</stat>
</suite>
</statistics>
<errors>
</errors>
</robot>
